# JRE version: OpenJDK Runtime Environment (17.0.0.1+2) (build 17.0.0.1+2-3)
# Java VM: OpenJDK 64-Bit Server VM (17.0.0.1+2-3, mixed mode, sharing, tiered, compressed oops, compressed class ptrs, g1 gc, windows-amd64)
GC Precious Log:
 CPUs: 8 total, 8 available
 Memory: 16253M
 Large Page Support: Disabled
 NUMA Support: Disabled
 Compressed Oops: Enabled (32-bit)
 Heap Region Size: 1M
 Heap Min Capacity: 256M
 Heap Initial Capacity: 256M
 Heap Max Capacity: 512M
 Pre-touch: Disabled
 Parallel Workers: 8
 Concurrent Workers: 2
 Concurrent Refinement Workers: 8
 Periodic GC: Disabled
Heap:
 garbage-first heap   total 262144K, used 165847K [0x00000000e0000000, 0x0000000100000000)
  region size 1024K, 131 young (134144K), 1 survivors (1024K)
 Metaspace       used 46324K, committed 46848K, reserved 364544K
  class space    used 6540K, committed 6784K, reserved 315392K
GC Heap History (12 events):
Event: 0.644 GC heap before
{Heap before GC invocations=0 (full 0):
 garbage-first heap   total 262144K, used 26624K [0x00000000e0000000, 0x0000000100000000)
  region size 1024K, 23 young (23552K), 0 survivors (0K)
 Metaspace       used 1268K, committed 1408K, reserved 323584K
  class space    used 101K, committed 128K, reserved 315392K
}
Event: 0.647 GC heap after
{Heap after GC invocations=1 (full 0):
 garbage-first heap   total 262144K, used 10791K [0x00000000e0000000, 0x0000000100000000)
  region size 1024K, 3 young (3072K), 3 survivors (3072K)
 Metaspace       used 1268K, committed 1408K, reserved 323584K
  class space    used 101K, committed 128K, reserved 315392K
}
Event: 1.121 GC heap before
{Heap before GC invocations=1 (full 0):
 garbage-first heap   total 262144K, used 37415K [0x00000000e0000000, 0x0000000100000000)
  region size 1024K, 30 young (30720K), 3 survivors (3072K)
 Metaspace       used 4043K, committed 4224K, reserved 323584K
  class space    used 507K, committed 640K, reserved 315392K
}
Event: 1.124 GC heap after
{Heap after GC invocations=2 (full 0):
 garbage-first heap   total 262144K, used 11859K [0x00000000e0000000, 0x0000000100000000)
  region size 1024K, 2 young (2048K), 2 survivors (2048K)
 Metaspace       used 4043K, committed 4224K, reserved 323584K
  class space    used 507K, committed 640K, reserved 315392K
}
Event: 3.208 GC heap before
{Heap before GC invocations=2 (full 0):
 garbage-first heap   total 262144K, used 159315K [0x00000000e0000000, 0x0000000100000000)
  region size 1024K, 146 young (149504K), 2 survivors (2048K)
 Metaspace       used 21208K, committed 21504K, reserved 339968K
  class space    used 3135K, committed 3264K, reserved 315392K
}
Event: 3.217 GC heap after
{Heap after GC invocations=3 (full 0):
 garbage-first heap   total 262144K, used 23540K [0x00000000e0000000, 0x0000000100000000)
  region size 1024K, 12 young (12288K), 12 survivors (12288K)
 Metaspace       used 21208K, committed 21504K, reserved 339968K
  class space    used 3135K, committed 3264K, reserved 315392K
}
Event: 4.691 GC heap before
{Heap before GC invocations=4 (full 0):
 garbage-first heap   total 262144K, used 142324K [0x00000000e0000000, 0x0000000100000000)
  region size 1024K, 125 young (128000K), 12 survivors (12288K)
 Metaspace       used 35770K, committed 36160K, reserved 348160K
  class space    used 5002K, committed 5184K, reserved 315392K
}
Event: 4.703 GC heap after
{Heap after GC invocations=5 (full 0):
 garbage-first heap   total 262144K, used 32348K [0x00000000e0000000, 0x0000000100000000)
  region size 1024K, 9 young (9216K), 9 survivors (9216K)
 Metaspace       used 35770K, committed 36160K, reserved 348160K
  class space    used 5002K, committed 5184K, reserved 315392K
}
Event: 4.744 GC heap before
{Heap before GC invocations=5 (full 0):
 garbage-first heap   total 262144K, used 34396K [0x00000000e0000000, 0x0000000100000000)
  region size 1024K, 12 young (12288K), 9 survivors (9216K)
 Metaspace       used 36078K, committed 36480K, reserved 348160K
  class space    used 5057K, committed 5248K, reserved 315392K
}
Event: 4.752 GC heap after
{Heap after GC invocations=6 (full 0):
 garbage-first heap   total 262144K, used 32565K [0x00000000e0000000, 0x0000000100000000)
  region size 1024K, 2 young (2048K), 2 survivors (2048K)
 Metaspace       used 36078K, committed 36480K, reserved 348160K
  class space    used 5057K, committed 5248K, reserved 315392K
}
Event: 4.753 GC heap before
{Heap before GC invocations=6 (full 0):
 garbage-first heap   total 262144K, used 32565K [0x00000000e0000000, 0x0000000100000000)
  region size 1024K, 3 young (3072K), 2 survivors (2048K)
 Metaspace       used 36081K, committed 36480K, reserved 348160K
  class space    used 5058K, committed 5248K, reserved 315392K
}
Event: 4.754 GC heap after
{Heap after GC invocations=7 (full 0):
 garbage-first heap   total 262144K, used 31703K [0x00000000e0000000, 0x0000000100000000)
  region size 1024K, 1 young (1024K), 1 survivors (1024K)
 Metaspace       used 36081K, committed 36480K, reserved 348160K
  class space    used 5058K, committed 5248K, reserved 315392K
}

